  OS06_01.cpp
D:\Study\university\5semester\OS\lab6\OS06_02\OS06_01\OS06_01.cpp(11,5): error C4235: nonstandard extension used: '__asm' keyword not supported on this architecture
D:\Study\university\5semester\OS\lab6\OS06_02\OS06_01\OS06_01.cpp(14,9): error C2065: 'lock': undeclared identifier
D:\Study\university\5semester\OS\lab6\OS06_02\OS06_01\OS06_01.cpp(14,14): error C2146: syntax error: missing ';' before identifier 'bts'
D:\Study\university\5semester\OS\lab6\OS06_02\OS06_01\OS06_01.cpp(14,14): error C2065: 'bts': undeclared identifier
D:\Study\university\5semester\OS\lab6\OS06_02\OS06_01\OS06_01.cpp(14,18): error C2146: syntax error: missing ';' before identifier 'check'
D:\Study\university\5semester\OS\lab6\OS06_02\OS06_01\OS06_01.cpp(15,9): error C2065: 'jc': undeclared identifier
D:\Study\university\5semester\OS\lab6\OS06_02\OS06_01\OS06_01.cpp(15,12): error C2146: syntax error: missing ';' before identifier 'CriticalSection'
D:\Study\university\5semester\OS\lab6\OS06_02\OS06_01\OS06_01.cpp(15,12): error C2065: 'CriticalSection': undeclared identifier
D:\Study\university\5semester\OS\lab6\OS06_02\OS06_01\OS06_01.cpp(16,5): error C2143: syntax error: missing ';' before '}'
D:\Study\university\5semester\OS\lab6\OS06_02\OS06_01\OS06_01.cpp(21,5): error C4235: nonstandard extension used: '__asm' keyword not supported on this architecture
D:\Study\university\5semester\OS\lab6\OS06_02\OS06_01\OS06_01.cpp(21,10): error C2065: 'lock': undeclared identifier
D:\Study\university\5semester\OS\lab6\OS06_02\OS06_01\OS06_01.cpp(21,15): error C2146: syntax error: missing ';' before identifier 'btr'
D:\Study\university\5semester\OS\lab6\OS06_02\OS06_01\OS06_01.cpp(21,15): error C2065: 'btr': undeclared identifier
D:\Study\university\5semester\OS\lab6\OS06_02\OS06_01\OS06_01.cpp(21,19): error C2146: syntax error: missing ';' before identifier 'check'
D:\Study\university\5semester\OS\lab6\OS06_02\OS06_01\OS06_01.cpp(22,1): error C2143: syntax error: missing ';' before '}'
